ID	REF	ALT	RAF
rs6078030	C	T	1.6363636363636365	
rs139899518	C	T	2.0	
rs143291093	A	C	2.0	
rs189899941	C	T	2.0	
rs182162684	C	T	2.0	
rs146681064	T	C	2.0	
rs139103017	A	G	2.0	
rs187280035	C	T	2.0	
rs76553454	C	A	2.0	
rs142532139	A	C	2.0	
rs4814683	G	T	1.4545454545454546	
rs141113228	A	G	2.0	
rs185326153	A	G	2.0	
rs188652106	G	A	2.0	
rs192812899	A	G	2.0	
rs150267191	C	G	2.0	
rs114190700	T	C	2.0	
rs184741218	G	A	2.0	
rs34147676	C	A	1.8181818181818181	
rs189195684	A	G	2.0	
rs180933038	C	T	2.0	
rs199513831	TG	T	2.0	
rs183567118	T	A	2.0	
rs147934693	C	A	2.0	
rs116457849	A	G	2.0	
rs6076506	T	G	2.0	
rs141722618	C	T	2.0	
rs6139074	A	C	1.6363636363636365	
rs189736466	C	G	2.0	
rs181305519	A	G	2.0	
rs186156309	C	T	2.0	
rs147063585	G	T	2.0	
rs115017123	C	G	2.0	
rs191905748	G	A	2.0	
rs117322527	C	A	2.0	
rs138359120	C	A	2.0	
rs75670495	C	T	2.0	
rs1418258	C	T	1.4545454545454546	
rs76004960	G	C	2.0	
rs116770801	A	G	2.0	
rs143263863	G	A	2.0	
rs148297240	G	A	2.0	
rs186497980	G	T	2.0	
rs7274499	C	A	2.0	
rs190945171	C	T	2.0	
rs116531220	A	G	2.0	
rs141793347	C	G	1.8181818181818181	
rs182418654	G	C	2.0	
rs186750895	A	G	2.0	
rs146016700	C	T	2.0	
rs141709659	G	A	2.0	
rs191365617	A	G	2.0	
rs146239022	T	C	2.0	
rs139108478	G	A	2.0	
rs149903995	G	A	2.0	
rs13043000	G	T	1.8181818181818181	
rs115575112	T	G	2.0	
